2022-03-09 11:56:14,168 INFO  [main] opera opened
2022-03-09 11:56:15,288 INFO  [main] opera closed
2022-03-09 13:59:17,369 INFO  [main] opera opened
2022-03-09 13:59:22,650 INFO  [main] GoogleCloudMainPage opened
2022-03-09 13:59:22,651 INFO  [main] Google is opened
2022-03-09 13:59:23,650 INFO  [main] opera closed
2022-03-09 14:00:18,559 INFO  [main] firefox opened
2022-03-09 14:00:22,354 INFO  [main] GoogleCloudMainPage opened
2022-03-09 14:00:22,355 INFO  [main] Google is opened
2022-03-09 14:00:24,189 INFO  [main] firefox closed
2022-03-09 16:28:59,668 INFO  [main] opera opened
2022-03-09 16:29:04,128 INFO  [main] GoogleCloudMainPage opened
2022-03-09 16:29:04,129 INFO  [main] Google is opened
2022-03-09 16:29:05,088 INFO  [main] opera closed
2022-03-09 16:29:43,159 INFO  [main] opera opened
2022-03-09 16:29:45,748 INFO  [main] GoogleCloudMainPage opened
2022-03-09 16:29:45,748 INFO  [main] Google is opened
2022-03-09 16:29:46,321 INFO  [main] opera closed
2022-03-10 10:56:57,470 INFO  [main] opera opened
2022-03-10 10:57:58,048 INFO  [main] GoogleCloudMainPage opened
2022-03-10 10:57:58,048 INFO  [main] Google is opened
2022-03-10 10:58:10,412 INFO  [main] opera closed
